# JRE version: Java(TM) SE Runtime Environment (8.0_131-b11) (build 1.8.0_131-b11)
# Java VM: Java HotSpot(TM) 64-Bit Server VM (25.131-b11 mixed mode linux-amd64 compressed oops)
Heap:
 PSYoungGen      total 37888K, used 994K [0x00000000d6700000, 0x00000000dac80000, 0x0000000100000000)
  eden space 32768K, 3% used [0x00000000d6700000,0x00000000d67f8948,0x00000000d8700000)
  from space 5120K, 0% used [0x00000000d8700000,0x00000000d8700000,0x00000000d8c00000)
  to   space 5120K, 0% used [0x00000000da780000,0x00000000da780000,0x00000000dac80000)
 ParOldGen       total 59904K, used 8943K [0x0000000083400000, 0x0000000086e80000, 0x00000000d6700000)
  object space 59904K, 14% used [0x0000000083400000,0x0000000083cbbe68,0x0000000086e80000)
 Metaspace       used 20413K, capacity 21230K, committed 21504K, reserved 1067008K
  class space    used 2802K, capacity 3008K, committed 3072K, reserved 1048576K
GC Heap History (8 events):
Event: 1.842 GC heap before
{Heap before GC invocations=1 (full 0):
 PSYoungGen      total 37888K, used 32768K [0x00000000d6700000, 0x00000000d9100000, 0x0000000100000000)
  eden space 32768K, 100% used [0x00000000d6700000,0x00000000d8700000,0x00000000d8700000)
  from space 5120K, 0% used [0x00000000d8c00000,0x00000000d8c00000,0x00000000d9100000)
  to   space 5120K, 0% used [0x00000000d8700000,0x00000000d8700000,0x00000000d8c00000)
 ParOldGen       total 86016K, used 0K [0x0000000083400000, 0x0000000088800000, 0x00000000d6700000)
  object space 86016K, 0% used [0x0000000083400000,0x0000000083400000,0x0000000088800000)
 Metaspace       used 9344K, capacity 9720K, committed 9984K, reserved 1058816K
  class space    used 1005K, capacity 1158K, committed 1280K, reserved 1048576K
Event: 1.870 GC heap after
Heap after GC invocations=1 (full 0):
 PSYoungGen      total 37888K, used 4528K [0x00000000d6700000, 0x00000000db100000, 0x0000000100000000)
  eden space 32768K, 0% used [0x00000000d6700000,0x00000000d6700000,0x00000000d8700000)
  from space 5120K, 88% used [0x00000000d8700000,0x00000000d8b6c358,0x00000000d8c00000)
  to   space 5120K, 0% used [0x00000000dac00000,0x00000000dac00000,0x00000000db100000)
 ParOldGen       total 86016K, used 8K [0x0000000083400000, 0x0000000088800000, 0x00000000d6700000)
  object space 86016K, 0% used [0x0000000083400000,0x0000000083402000,0x0000000088800000)
 Metaspace       used 9344K, capacity 9720K, committed 9984K, reserved 1058816K
  class space    used 1005K, capacity 1158K, committed 1280K, reserved 1048576K
}
Event: 5.778 GC heap before
{Heap before GC invocations=2 (full 0):
 PSYoungGen      total 37888K, used 37296K [0x00000000d6700000, 0x00000000db100000, 0x0000000100000000)
  eden space 32768K, 100% used [0x00000000d6700000,0x00000000d8700000,0x00000000d8700000)
  from space 5120K, 88% used [0x00000000d8700000,0x00000000d8b6c358,0x00000000d8c00000)
  to   space 5120K, 0% used [0x00000000dac00000,0x00000000dac00000,0x00000000db100000)
 ParOldGen       total 86016K, used 8K [0x0000000083400000, 0x0000000088800000, 0x00000000d6700000)
  object space 86016K, 0% used [0x0000000083400000,0x0000000083402000,0x0000000088800000)
 Metaspace       used 19994K, capacity 20778K, committed 20992K, reserved 1067008K
  class space    used 2775K, capacity 2992K, committed 3072K, reserved 1048576K
Event: 5.800 GC heap after
Heap after GC invocations=2 (full 0):
 PSYoungGen      total 37888K, used 5104K [0x00000000d6700000, 0x00000000db100000, 0x0000000100000000)
  eden space 32768K, 0% used [0x00000000d6700000,0x00000000d6700000,0x00000000d8700000)
  from space 5120K, 99% used [0x00000000dac00000,0x00000000db0fc060,0x00000000db100000)
  to   space 5120K, 0% used [0x00000000d8700000,0x00000000d8700000,0x00000000d8c00000)
 ParOldGen       total 86016K, used 4953K [0x0000000083400000, 0x0000000088800000, 0x00000000d6700000)
  object space 86016K, 5% used [0x0000000083400000,0x00000000838d6788,0x0000000088800000)
 Metaspace       used 19994K, capacity 20778K, committed 20992K, reserved 1067008K
  class space    used 2775K, capacity 2992K, committed 3072K, reserved 1048576K
}
Event: 12.361 GC heap before
{Heap before GC invocations=3 (full 0):
 PSYoungGen      total 37888K, used 8480K [0x00000000d6700000, 0x00000000db100000, 0x0000000100000000)
  eden space 32768K, 10% used [0x00000000d6700000,0x00000000d6a4c278,0x00000000d8700000)
  from space 5120K, 99% used [0x00000000dac00000,0x00000000db0fc060,0x00000000db100000)
  to   space 5120K, 0% used [0x00000000d8700000,0x00000000d8700000,0x00000000d8c00000)
 ParOldGen       total 86016K, used 4953K [0x0000000083400000, 0x0000000088800000, 0x00000000d6700000)
  object space 86016K, 5% used [0x0000000083400000,0x00000000838d6788,0x0000000088800000)
 Metaspace       used 20381K, capacity 21166K, committed 21248K, reserved 1067008K
  class space    used 2798K, capacity 3008K, committed 3072K, reserved 1048576K
Event: 12.370 GC heap after
Heap after GC invocations=3 (full 0):
 PSYoungGen      total 37888K, used 5088K [0x00000000d6700000, 0x00000000dac80000, 0x0000000100000000)
  eden space 32768K, 0% used [0x00000000d6700000,0x00000000d6700000,0x00000000d8700000)
  from space 5120K, 99% used [0x00000000d8700000,0x00000000d8bf8050,0x00000000d8c00000)
  to   space 5120K, 0% used [0x00000000da780000,0x00000000da780000,0x00000000dac80000)
 ParOldGen       total 86016K, used 4993K [0x0000000083400000, 0x0000000088800000, 0x00000000d6700000)
  object space 86016K, 5% used [0x0000000083400000,0x00000000838e0788,0x0000000088800000)
 Metaspace       used 20381K, capacity 21166K, committed 21248K, reserved 1067008K
  class space    used 2798K, capacity 3008K, committed 3072K, reserved 1048576K
}
Event: 12.370 GC heap before
{Heap before GC invocations=4 (full 1):
 PSYoungGen      total 37888K, used 5088K [0x00000000d6700000, 0x00000000dac80000, 0x0000000100000000)
  eden space 32768K, 0% used [0x00000000d6700000,0x00000000d6700000,0x00000000d8700000)
  from space 5120K, 99% used [0x00000000d8700000,0x00000000d8bf8050,0x00000000d8c00000)
  to   space 5120K, 0% used [0x00000000da780000,0x00000000da780000,0x00000000dac80000)
 ParOldGen       total 86016K, used 4993K [0x0000000083400000, 0x0000000088800000, 0x00000000d6700000)
  object space 86016K, 5% used [0x0000000083400000,0x00000000838e0788,0x0000000088800000)
 Metaspace       used 20381K, capacity 21166K, committed 21248K, reserved 1067008K
  class space    used 2798K, capacity 3008K, committed 3072K, reserved 1048576K
Event: 12.422 GC heap after
Heap after GC invocations=4 (full 1):
 PSYoungGen      total 37888K, used 0K [0x00000000d6700000, 0x00000000dac80000, 0x0000000100000000)
  eden space 32768K, 0% used [0x00000000d6700000,0x00000000d6700000,0x00000000d8700000)
  from space 5120K, 0% used [0x00000000d8700000,0x00000000d8700000,0x00000000d8c00000)
  to   space 5120K, 0% used [0x00000000da780000,0x00000000da780000,0x00000000dac80000)
 ParOldGen       total 59904K, used 8943K [0x0000000083400000, 0x0000000086e80000, 0x00000000d6700000)
  object space 59904K, 14% used [0x0000000083400000,0x0000000083cbbe68,0x0000000086e80000)
 Metaspace       used 20381K, capacity 21166K, committed 21248K, reserved 1067008K
  class space    used 2798K, capacity 3008K, committed 3072K, reserved 1048576K
}

